<?xml version="1.0" encoding="UTF-8"?>
<testsuite xmlns:xsi="http://www.w3.org/2001/XMLSchema-instance" xsi:noNamespaceSchemaLocation="https://maven.apache.org/surefire/maven-surefire-plugin/xsd/surefire-test-report.xsd" name="org.example.apitests.order.GetOrdersListTests" time="3.683" tests="1" errors="0" skipped="0" failures="0">
  <properties>
[...]
</properties>
  <testcase name="getOrderListWithoutParamsIsSuccess" classname="org.example.apitests.order.GetOrdersListTests" time="3.683"/>
</testsuite>